<?xml version="1.0" encoding="UTF-8"?>
<testsuite name="dev.zaqueu.domaindrivendesignkotlin.core.event.application.order.services.OrderServiceTest" tests="1" skipped="0" failures="1" errors="0" timestamp="2024-06-12T11:10:56" hostname="Zaqueus-MacBook-Pro.local" time="25.886">
  <properties/>
  <testcase name="should create a new order when the event is published()" classname="dev.zaqueu.domaindrivendesignkotlin.core.event.application.order.services.OrderServiceTest" time="25.886">
    <failure message="java.lang.AssertionError: Verification failed: calls are not exactly matching verification sequence&#10;&#10;Matchers: &#10;+SpotReservationRepository(spotReservationRepository#5).findById(any()))&#10;+CustomerRepository(customerRepository#1).findById(any()))&#10;+EventRepository(eventRepository#2).findById(any()))&#10;+SpotReservationRepository(spotReservationRepository#5).add(any()))&#10;EventRepository(eventRepository#2).add(any()))&#10;+OrderRepository(orderRepository#3).add(any()))&#10;&#10;Calls:&#10;1) +SpotReservationRepository(spotReservationRepository#5).findById(7dd9f2e3-0159-428b-801f-9b29975d4a4c)&#10;2) +CustomerRepository(customerRepository#1).findById(71a4a54f-90ff-4ccc-beb7-e6ab5cd24369)&#10;3) +EventRepository(eventRepository#2).findById(35d59f81-e8f8-4ffa-9f00-2a9f4ca7f4a5)&#10;4) +SpotReservationRepository(spotReservationRepository#5).add(SpotReservation(id=7dd9f2e3-0159-428b-801f-9b29975d4a4c, reservationDate=2024-06-12T11:10:57.285608Z, customerId=71a4a54f-90ff-4ccc-beb7-e6ab5cd24369))&#10;5) EventRepository(eventRepository#2).update(dev.zaqueu.domaindrivendesignkotlin.core.event.domain.event.entities.Event@f4a31eb7)&#10;6) +OrderRepository(orderRepository#3).add(Order(id=5cac2e75-b177-415a-9a85-0b9e718334c0, amount=1000, status=PAID, customerId=71a4a54f-90ff-4ccc-beb7-e6ab5cd24369, eventSpotId=7dd9f2e3-0159-428b-801f-9b29975d4a4c))&#10;&#10;Stack traces:&#10;1)                                                                                    io.mockk.impl.InternalPlatform.captureStackTrace                                     (InternalPlatform.kt:130)                          &#10;                                                                                        io.mockk.impl.stub.MockKStub.handleInvocation                                      (MockKStub.kt:253)                                 &#10;                                                      io.mockk.impl.instantiation.JvmMockFactoryHelper$mockHandler$1.invocation                                            (JvmMockFactoryHelper.kt:24)                       &#10;                                                                               io.mockk.proxy.jvm.advice.Interceptor.call                                                  (Interceptor.kt:21)                                &#10;                                                                                io.mockk.proxy.jvm.advice.BaseAdvice.handle                                                (BaseAdvice.kt:42)                                 &#10;                                                              io.mockk.proxy.jvm.advice.jvm.JvmMockKProxyInterceptor.interceptNoSuper                                      (JvmMockKProxyInterceptor.java:44)                 &#10;        dev.zaqueu.domaindrivendesignkotlin.core.event.domain.order.repositories.SpotReservationRepository$Subclass3.findById                                              (-:-1)                                             &#10;        dev.zaqueu.domaindrivendesignkotlin.core.event.domain.order.repositories.SpotReservationRepository$Subclass3.findById                                              (-:-1)                                             &#10;                              dev.zaqueu.domaindrivendesignkotlin.core.event.application.order.services.OrderService.create$lambda$1                                       (OrderService.kt:36)                               &#10;                            dev.zaqueu.domaindrivendesignkotlin.core.event.application.order.services.OrderServiceKt.runTransaction                                        (OrderService.kt:93)                               &#10;                              dev.zaqueu.domaindrivendesignkotlin.core.event.application.order.services.OrderService.create                                                (OrderService.kt:35)                               &#10;                          dev.zaqueu.domaindrivendesignkotlin.core.event.application.order.services.OrderServiceTest.should create a new order when the event is published (OrderServiceTest.kt:146)                          &#10;                                                                     jdk.internal.reflect.DirectMethodHandleAccessor.invoke                                                (DirectMethodHandleAccessor.java:103)              &#10;                                                                                            java.lang.reflect.Method.invoke                                                (Method.java:580)                                  &#10;                                                                     org.junit.platform.commons.util.ReflectionUtils.invokeMethod                                          (ReflectionUtils.java:728)                         &#10;                                                                 org.junit.jupiter.engine.execution.MethodInvocation.proceed                                               (MethodInvocation.java:60)                         &#10;                                  org.junit.jupiter.engine.execution.InvocationInterceptorChain$ValidatingInvocation.proceed                                               (InvocationInterceptorChain.java:131)              &#10;                                                                 org.junit.jupiter.engine.extension.TimeoutExtension.intercept                                             (TimeoutExtension.java:156)                        &#10;                                                                 org.junit.jupiter.engine.extension.TimeoutExtension.interceptTestableMethod                               (TimeoutExtension.java:147)                        &#10;                                                                 org.junit.jupiter.engine.extension.TimeoutExtension.interceptTestMethod                                   (TimeoutExtension.java:86)                         &#10;                          org.junit.jupiter.engine.execution.InterceptingExecutableInvoker$ReflectiveInterceptorCall.lambda$ofVoidMethod$0                                 (InterceptingExecutableInvoker.java:103)           &#10;                                                    org.junit.jupiter.engine.execution.InterceptingExecutableInvoker.lambda$invoke$0                                       (InterceptingExecutableInvoker.java:93)            &#10;                                 org.junit.jupiter.engine.execution.InvocationInterceptorChain$InterceptedInvocation.proceed                                               (InvocationInterceptorChain.java:106)              &#10;                                                       org.junit.jupiter.engine.execution.InvocationInterceptorChain.proceed                                               (InvocationInterceptorChain.java:64)               &#10;                                                       org.junit.jupiter.engine.execution.InvocationInterceptorChain.chainAndInvoke                                        (InvocationInterceptorChain.java:45)               &#10;                                                       org.junit.jupiter.engine.execution.InvocationInterceptorChain.invoke                                                (InvocationInterceptorChain.java:37)               &#10;                                                    org.junit.jupiter.engine.execution.InterceptingExecutableInvoker.invoke                                                (InterceptingExecutableInvoker.java:92)            &#10;                                                    org.junit.jupiter.engine.execution.InterceptingExecutableInvoker.invoke                                                (InterceptingExecutableInvoker.java:86)            &#10;                                                        org.junit.jupiter.engine.descriptor.TestMethodTestDescriptor.lambda$invokeTestMethod$7                             (TestMethodTestDescriptor.java:218)                &#10;                                                   org.junit.platform.engine.support.hierarchical.ThrowableCollector.execute                                               (ThrowableCollector.java:73)                       &#10;                                                        org.junit.jupiter.engine.descriptor.TestMethodTestDescriptor.invokeTestMethod                                      (TestMethodTestDescriptor.java:214)                &#10;                                                        org.junit.jupiter.engine.descriptor.TestMethodTestDescriptor.execute                                               (TestMethodTestDescriptor.java:139)                &#10;                                                        org.junit.jupiter.engine.descriptor.TestMethodTestDescriptor.execute                                               (TestMethodTestDescriptor.java:69)                 &#10;                                                         org.junit.platform.engine.support.hierarchical.NodeTestTask.lambda$executeRecursively$6                           (NodeTestTask.java:151)                            &#10;                                                   org.junit.platform.engine.support.hierarchical.ThrowableCollector.execute                                               (ThrowableCollector.java:73)                       &#10;                                                         org.junit.platform.engine.support.hierarchical.NodeTestTask.lambda$executeRecursively$8                           (NodeTestTask.java:141)                            &#10;                                                                 org.junit.platform.engine.support.hierarchical.Node.around                                                (Node.java:137)                                    &#10;                                                         org.junit.platform.engine.support.hierarchical.NodeTestTask.lambda$executeRecursively$9                           (NodeTestTask.java:139)                            &#10;                                                   org.junit.platform.engine.support.hierarchical.ThrowableCollector.execute                                               (ThrowableCollector.java:73)                       &#10;                                                         org.junit.platform.engine.support.hierarchical.NodeTestTask.executeRecursively                                    (NodeTestTask.java:138)                            &#10;                                                         org.junit.platform.engine.support.hierarchical.NodeTestTask.execute                                               (NodeTestTask.java:95)                             &#10;                                                                                                 java.util.ArrayList.forEach                                               (ArrayList.java:1596)                              &#10;                            org.junit.platform.engine.support.hierarchical.SameThreadHierarchicalTestExecutorService.invokeAll                                             (SameThreadHierarchicalTestExecutorService.java:41)&#10;                                                         org.junit.platform.engine.support.hierarchical.NodeTestTask.lambda$executeRecursively$6                           (NodeTestTask.java:155)                            &#10;                                                   org.junit.platform.engine.support.hierarchical.ThrowableCollector.execute                                               (ThrowableCollector.java:73)                       &#10;                                                         org.junit.platform.engine.support.hierarchical.NodeTestTask.lambda$executeRecursively$8                           (NodeTestTask.java:141)                            &#10;                                                                 org.junit.platform.engine.support.hierarchical.Node.around                                                (Node.java:137)                                    &#10;                                                         org.junit.platform.engine.support.hierarchical.NodeTestTask.lambda$executeRecursively$9                           (NodeTestTask.java:139)                            &#10;                                                   org.junit.platform.engine.support.hierarchical.ThrowableCollector.execute                                               (ThrowableCollector.java:73)                       &#10;                                                         org.junit.platform.engine.support.hierarchical.NodeTestTask.executeRecursively                                    (NodeTestTask.java:138)                            &#10;                                                         org.junit.platform.engine.support.hierarchical.NodeTestTask.execute                                               (NodeTestTask.java:95)                             &#10;                                                                                                 java.util.ArrayList.forEach                                               (ArrayList.java:1596)                              &#10;                            org.junit.platform.engine.support.hierarchical.SameThreadHierarchicalTestExecutorService.invokeAll                                             (SameThreadHierarchicalTestExecutorService.java:41)&#10;                                                         org.junit.platform.engine.support.hierarchical.NodeTestTask.lambda$executeRecursively$6                           (NodeTestTask.java:155)                            &#10;                                                   org.junit.platform.engine.support.hierarchical.ThrowableCollector.execute                                               (ThrowableCollector.java:73)                       &#10;                                                         org.junit.platform.engine.support.hierarchical.NodeTestTask.lambda$executeRecursively$8                           (NodeTestTask.java:141)                            &#10;                                                                 org.junit.platform.engine.support.hierarchical.Node.around                                                (Node.java:137)                                    &#10;                                                         org.junit.platform.engine.support.hierarchical.NodeTestTask.lambda$executeRecursively$9                           (NodeTestTask.java:139)                            &#10;                                                   org.junit.platform.engine.support.hierarchical.ThrowableCollector.execute                                               (ThrowableCollector.java:73)                       &#10;                                                         org.junit.platform.engine.support.hierarchical.NodeTestTask.executeRecursively                                    (NodeTestTask.java:138)                            &#10;                                                         org.junit.platform.engine.support.hierarchical.NodeTestTask.execute                                               (NodeTestTask.java:95)                             &#10;                            org.junit.platform.engine.support.hierarchical.SameThreadHierarchicalTestExecutorService.submit                                                (SameThreadHierarchicalTestExecutorService.java:35)&#10;                                             org.junit.platform.engine.support.hierarchical.HierarchicalTestExecutor.execute                                               (HierarchicalTestExecutor.java:57)                 &#10;                                               org.junit.platform.engine.support.hierarchical.HierarchicalTestEngine.execute                                               (HierarchicalTestEngine.java:54)                   &#10;                                                        org.junit.platform.launcher.core.EngineExecutionOrchestrator.execute                                               (EngineExecutionOrchestrator.java:198)             &#10;                                                        org.junit.platform.launcher.core.EngineExecutionOrchestrator.execute                                               (EngineExecutionOrchestrator.java:169)             &#10;                                                        org.junit.platform.launcher.core.EngineExecutionOrchestrator.execute                                               (EngineExecutionOrchestrator.java:93)              &#10;                                                        org.junit.platform.launcher.core.EngineExecutionOrchestrator.lambda$execute$0                                      (EngineExecutionOrchestrator.java:58)              &#10;                                                        org.junit.platform.launcher.core.EngineExecutionOrchestrator.withInterceptedStreams                                (EngineExecutionOrchestrator.java:141)             &#10;                                                        org.junit.platform.launcher.core.EngineExecutionOrchestrator.execute                                               (EngineExecutionOrchestrator.java:57)              &#10;                                                                    org.junit.platform.launcher.core.DefaultLauncher.execute                                               (DefaultLauncher.java:103)                         &#10;                                                                    org.junit.platform.launcher.core.DefaultLauncher.execute                                               (DefaultLauncher.java:85)                          &#10;                                                                 org.junit.platform.launcher.core.DelegatingLauncher.execute                                               (DelegatingLauncher.java:47)                       &#10;   org.gradle.api.internal.tasks.testing.junitplatform.JUnitPlatformTestClassProcessor$CollectAllTestClassesExecutor.processAllTestClasses                                 (JUnitPlatformTestClassProcessor.java:119)         &#10;   org.gradle.api.internal.tasks.testing.junitplatform.JUnitPlatformTestClassProcessor$CollectAllTestClassesExecutor.access$000                                            (JUnitPlatformTestClassProcessor.java:94)          &#10;                                 org.gradle.api.internal.tasks.testing.junitplatform.JUnitPlatformTestClassProcessor.stop                                                  (JUnitPlatformTestClassProcessor.java:89)          &#10;                                                       org.gradle.api.internal.tasks.testing.SuiteTestClassProcessor.stop                                                  (SuiteTestClassProcessor.java:62)                  &#10;                                                                     jdk.internal.reflect.DirectMethodHandleAccessor.invoke                                                (DirectMethodHandleAccessor.java:103)              &#10;                                                                                            java.lang.reflect.Method.invoke                                                (Method.java:580)                                  &#10;                                                                     org.gradle.internal.dispatch.ReflectionDispatch.dispatch                                              (ReflectionDispatch.java:36)                       &#10;                                                                     org.gradle.internal.dispatch.ReflectionDispatch.dispatch                                              (ReflectionDispatch.java:24)                       &#10;                                                             org.gradle.internal.dispatch.ContextClassLoaderDispatch.dispatch                                              (ContextClassLoaderDispatch.java:33)               &#10;                                      org.gradle.internal.dispatch.ProxyDispatchAdapter$DispatchingInvocationHandler.invoke                                                (ProxyDispatchAdapter.java:94)                     &#10;                                                                                                  jdk.proxy1.$Proxy2.stop                                                  (-:-1)                                             &#10;                                                           org.gradle.api.internal.tasks.testing.worker.TestWorker$3.run                                                   (TestWorker.java:193)                              &#10;                                                             org.gradle.api.internal.tasks.testing.worker.TestWorker.executeAndMaintainThreadName                          (TestWorker.java:129)                              &#10;                                                             org.gradle.api.internal.tasks.testing.worker.TestWorker.execute                                               (TestWorker.java:100)                              &#10;                                                             org.gradle.api.internal.tasks.testing.worker.TestWorker.execute                                               (TestWorker.java:60)                               &#10;                                                      org.gradle.process.internal.worker.child.ActionExecutionWorker.execute                                               (ActionExecutionWorker.java:56)                    &#10;                                         org.gradle.process.internal.worker.child.SystemApplicationClassLoaderWorker.call                                                  (SystemApplicationClassLoaderWorker.java:113)      &#10;                                         org.gradle.process.internal.worker.child.SystemApplicationClassLoaderWorker.call                                                  (SystemApplicationClassLoaderWorker.java:65)       &#10;                                                          worker.org.gradle.process.internal.worker.GradleWorkerMain.run                                                   (GradleWorkerMain.java:69)                         &#10;                                                          worker.org.gradle.process.internal.worker.GradleWorkerMain.main                                                  (GradleWorkerMain.java:74)                         &#10;&#10;2)                                                                                    io.mockk.impl.InternalPlatform.captureStackTrace                                     (InternalPlatform.kt:130)                          &#10;                                                                                        io.mockk.impl.stub.MockKStub.handleInvocation                                      (MockKStub.kt:253)                                 &#10;                                                      io.mockk.impl.instantiation.JvmMockFactoryHelper$mockHandler$1.invocation                                            (JvmMockFactoryHelper.kt:24)                       &#10;                                                                               io.mockk.proxy.jvm.advice.Interceptor.call                                                  (Interceptor.kt:21)                                &#10;                                                                                io.mockk.proxy.jvm.advice.BaseAdvice.handle                                                (BaseAdvice.kt:42)                                 &#10;                                                              io.mockk.proxy.jvm.advice.jvm.JvmMockKProxyInterceptor.interceptNoSuper                                      (JvmMockKProxyInterceptor.java:44)                 &#10;            dev.zaqueu.domaindrivendesignkotlin.core.event.domain.customer.repositories.CustomerRepository$Subclass0.findById                                              (-:-1)                                             &#10;            dev.zaqueu.domaindrivendesignkotlin.core.event.domain.customer.repositories.CustomerRepository$Subclass0.findById                                              (-:-1)                                             &#10;                              dev.zaqueu.domaindrivendesignkotlin.core.event.application.order.services.OrderService.create$lambda$1                                       (OrderService.kt:40)                               &#10;                            dev.zaqueu.domaindrivendesignkotlin.core.event.application.order.services.OrderServiceKt.runTransaction                                        (OrderService.kt:93)                               &#10;                              dev.zaqueu.domaindrivendesignkotlin.core.event.application.order.services.OrderService.create                                                (OrderService.kt:35)                               &#10;                          dev.zaqueu.domaindrivendesignkotlin.core.event.application.order.services.OrderServiceTest.should create a new order when the event is published (OrderServiceTest.kt:146)                          &#10;                                                                     jdk.internal.reflect.DirectMethodHandleAccessor.invoke                                                (DirectMethodHandleAccessor.java:103)              &#10;                                                                                            java.lang.reflect.Method.invoke                                                (Method.java:580)                                  &#10;                                                                     org.junit.platform.commons.util.ReflectionUtils.invokeMethod                                          (ReflectionUtils.java:728)                         &#10;                                                                 org.junit.jupiter.engine.execution.MethodInvocation.proceed                                               (MethodInvocation.java:60)                         &#10;                                  org.junit.jupiter.engine.execution.InvocationInterceptorChain$ValidatingInvocation.proceed                                               (InvocationInterceptorChain.java:131)              &#10;                                                                 org.junit.jupiter.engine.extension.TimeoutExtension.intercept                                             (TimeoutExtension.java:156)                        &#10;                                                                 org.junit.jupiter.engine.extension.TimeoutExtension.interceptTestableMethod                               (TimeoutExtension.java:147)                        &#10;                                                                 org.junit.jupiter.engine.extension.TimeoutExtension.interceptTestMethod                                   (TimeoutExtension.java:86)                         &#10;                          org.junit.jupiter.engine.execution.InterceptingExecutableInvoker$ReflectiveInterceptorCall.lambda$ofVoidMethod$0                                 (InterceptingExecutableInvoker.java:103)           &#10;                                                    org.junit.jupiter.engine.execution.InterceptingExecutableInvoker.lambda$invoke$0                                       (InterceptingExecutableInvoker.java:93)            &#10;                                 org.junit.jupiter.engine.execution.InvocationInterceptorChain$InterceptedInvocation.proceed                                               (InvocationInterceptorChain.java:106)              &#10;                                                       org.junit.jupiter.engine.execution.InvocationInterceptorChain.proceed                                               (InvocationInterceptorChain.java:64)               &#10;                                                       org.junit.jupiter.engine.execution.InvocationInterceptorChain.chainAndInvoke                                        (InvocationInterceptorChain.java:45)               &#10;                                                       org.junit.jupiter.engine.execution.InvocationInterceptorChain.invoke                                                (InvocationInterceptorChain.java:37)               &#10;                                                    org.junit.jupiter.engine.execution.InterceptingExecutableInvoker.invoke                                                (InterceptingExecutableInvoker.java:92)            &#10;                                                    org.junit.jupiter.engine.execution.InterceptingExecutableInvoker.invoke                                                (InterceptingExecutableInvoker.java:86)            &#10;                                                        org.junit.jupiter.engine.descriptor.TestMethodTestDescriptor.lambda$invokeTestMethod$7                             (TestMethodTestDescriptor.java:218)                &#10;                                                   org.junit.platform.engine.support.hierarchical.ThrowableCollector.execute                                               (ThrowableCollector.java:73)                       &#10;                                                        org.junit.jupiter.engine.descriptor.TestMethodTestDescriptor.invokeTestMethod                                      (TestMethodTestDescriptor.java:214)                &#10;                                                        org.junit.jupiter.engine.descriptor.TestMethodTestDescriptor.execute                                               (TestMethodTestDescriptor.java:139)                &#10;                                                        org.junit.jupiter.engine.descriptor.TestMethodTestDescriptor.execute                                               (TestMethodTestDescriptor.java:69)                 &#10;                                                         org.junit.platform.engine.support.hierarchical.NodeTestTask.lambda$executeRecursively$6                           (NodeTestTask.java:151)                            &#10;                                                   org.junit.platform.engine.support.hierarchical.ThrowableCollector.execute                                               (ThrowableCollector.java:73)                       &#10;                                                         org.junit.platform.engine.support.hierarchical.NodeTestTask.lambda$executeRecursively$8                           (NodeTestTask.java:141)                            &#10;                                                                 org.junit.platform.engine.support.hierarchical.Node.around                                                (Node.java:137)                                    &#10;                                                         org.junit.platform.engine.support.hierarchical.NodeTestTask.lambda$executeRecursively$9                           (NodeTestTask.java:139)                            &#10;                                                   org.junit.platform.engine.support.hierarchical.ThrowableCollector.execute                                               (ThrowableCollector.java:73)                       &#10;                                                         org.junit.platform.engine.support.hierarchical.NodeTestTask.executeRecursively                                    (NodeTestTask.java:138)                            &#10;                                                         org.junit.platform.engine.support.hierarchical.NodeTestTask.execute                                               (NodeTestTask.java:95)                             &#10;                                                                                                 java.util.ArrayList.forEach                                               (ArrayList.java:1596)                              &#10;                            org.junit.platform.engine.support.hierarchical.SameThreadHierarchicalTestExecutorService.invokeAll                                             (SameThreadHierarchicalTestExecutorService.java:41)&#10;                                                         org.junit.platform.engine.support.hierarchical.NodeTestTask.lambda$executeRecursively$6                           (NodeTestTask.java:155)                            &#10;                                                   org.junit.platform.engine.support.hierarchical.ThrowableCollector.execute                                               (ThrowableCollector.java:73)                       &#10;                                                         org.junit.platform.engine.support.hierarchical.NodeTestTask.lambda$executeRecursively$8                           (NodeTestTask.java:141)                            &#10;                                                                 org.junit.platform.engine.support.hierarchical.Node.around                                                (Node.java:137)                                    &#10;                                                         org.junit.platform.engine.support.hierarchical.NodeTestTask.lambda$executeRecursively$9                           (NodeTestTask.java:139)                            &#10;                                                   org.junit.platform.engine.support.hierarchical.ThrowableCollector.execute                                               (ThrowableCollector.java:73)                       &#10;                                                         org.junit.platform.engine.support.hierarchical.NodeTestTask.executeRecursively                                    (NodeTestTask.java:138)                            &#10;                                                         org.junit.platform.engine.support.hierarchical.NodeTestTask.execute                                               (NodeTestTask.java:95)                             &#10;                                                                                                 java.util.ArrayList.forEach                                               (ArrayList.java:1596)                              &#10;                            org.junit.platform.engine.support.hierarchical.SameThreadHierarchicalTestExecutorService.invokeAll                                             (SameThreadHierarchicalTestExecutorService.java:41)&#10;                                                         org.junit.platform.engine.support.hierarchical.NodeTestTask.lambda$executeRecursively$6                           (NodeTestTask.java:155)                            &#10;                                                   org.junit.platform.engine.support.hierarchical.ThrowableCollector.execute                                               (ThrowableCollector.java:73)                       &#10;                                                         org.junit.platform.engine.support.hierarchical.NodeTestTask.lambda$executeRecursively$8                           (NodeTestTask.java:141)                            &#10;                                                                 org.junit.platform.engine.support.hierarchical.Node.around                                                (Node.java:137)                                    &#10;                                                         org.junit.platform.engine.support.hierarchical.NodeTestTask.lambda$executeRecursively$9                           (NodeTestTask.java:139)                            &#10;                                                   org.junit.platform.engine.support.hierarchical.ThrowableCollector.execute                                               (ThrowableCollector.java:73)                       &#10;                                                         org.junit.platform.engine.support.hierarchical.NodeTestTask.executeRecursively                                    (NodeTestTask.java:138)                            &#10;                                                         org.junit.platform.engine.support.hierarchical.NodeTestTask.execute                                               (NodeTestTask.java:95)                             &#10;                            org.junit.platform.engine.support.hierarchical.SameThreadHierarchicalTestExecutorService.submit                                                (SameThreadHierarchicalTestExecutorService.java:35)&#10;                                             org.junit.platform.engine.support.hierarchical.HierarchicalTestExecutor.execute                                               (HierarchicalTestExecutor.java:57)                 &#10;                                               org.junit.platform.engine.support.hierarchical.HierarchicalTestEngine.execute                                               (HierarchicalTestEngine.java:54)                   &#10;                                                        org.junit.platform.launcher.core.EngineExecutionOrchestrator.execute                                               (EngineExecutionOrchestrator.java:198)             &#10;                                                        org.junit.platform.launcher.core.EngineExecutionOrchestrator.execute                                               (EngineExecutionOrchestrator.java:169)             &#10;                                                        org.junit.platform.launcher.core.EngineExecutionOrchestrator.execute                                               (EngineExecutionOrchestrator.java:93)              &#10;                                                        org.junit.platform.launcher.core.EngineExecutionOrchestrator.lambda$execute$0                                      (EngineExecutionOrchestrator.java:58)              &#10;                                                        org.junit.platform.launcher.core.EngineExecutionOrchestrator.withInterceptedStreams                                (EngineExecutionOrchestrator.java:141)             &#10;                                                        org.junit.platform.launcher.core.EngineExecutionOrchestrator.execute                                               (EngineExecutionOrchestrator.java:57)              &#10;                                                                    org.junit.platform.launcher.core.DefaultLauncher.execute                                               (DefaultLauncher.java:103)                         &#10;                                                                    org.junit.platform.launcher.core.DefaultLauncher.execute                                               (DefaultLauncher.java:85)                          &#10;                                                                 org.junit.platform.launcher.core.DelegatingLauncher.execute                                               (DelegatingLauncher.java:47)                       &#10;   org.gradle.api.internal.tasks.testing.junitplatform.JUnitPlatformTestClassProcessor$CollectAllTestClassesExecutor.processAllTestClasses                                 (JUnitPlatformTestClassProcessor.java:119)         &#10;   org.gradle.api.internal.tasks.testing.junitplatform.JUnitPlatformTestClassProcessor$CollectAllTestClassesExecutor.access$000                                            (JUnitPlatformTestClassProcessor.java:94)          &#10;                                 org.gradle.api.internal.tasks.testing.junitplatform.JUnitPlatformTestClassProcessor.stop                                                  (JUnitPlatformTestClassProcessor.java:89)          &#10;                                                       org.gradle.api.internal.tasks.testing.SuiteTestClassProcessor.stop                                                  (SuiteTestClassProcessor.java:62)                  &#10;                                                                     jdk.internal.reflect.DirectMethodHandleAccessor.invoke                                                (DirectMethodHandleAccessor.java:103)              &#10;                                                                                            java.lang.reflect.Method.invoke                                                (Method.java:580)                                  &#10;                                                                     org.gradle.internal.dispatch.ReflectionDispatch.dispatch                                              (ReflectionDispatch.java:36)                       &#10;                                                                     org.gradle.internal.dispatch.ReflectionDispatch.dispatch                                              (ReflectionDispatch.java:24)                       &#10;                                                             org.gradle.internal.dispatch.ContextClassLoaderDispatch.dispatch                                              (ContextClassLoaderDispatch.java:33)               &#10;                                      org.gradle.internal.dispatch.ProxyDispatchAdapter$DispatchingInvocationHandler.invoke                                                (ProxyDispatchAdapter.java:94)                     &#10;                                                                                                  jdk.proxy1.$Proxy2.stop                                                  (-:-1)                                             &#10;                                                           org.gradle.api.internal.tasks.testing.worker.TestWorker$3.run                                                   (TestWorker.java:193)                              &#10;                                                             org.gradle.api.internal.tasks.testing.worker.TestWorker.executeAndMaintainThreadName                          (TestWorker.java:129)                              &#10;                                                             org.gradle.api.internal.tasks.testing.worker.TestWorker.execute                                               (TestWorker.java:100)                              &#10;                                                             org.gradle.api.internal.tasks.testing.worker.TestWorker.execute                                               (TestWorker.java:60)                               &#10;                                                      org.gradle.process.internal.worker.child.ActionExecutionWorker.execute                                               (ActionExecutionWorker.java:56)                    &#10;                                         org.gradle.process.internal.worker.child.SystemApplicationClassLoaderWorker.call                                                  (SystemApplicationClassLoaderWorker.java:113)      &#10;                                         org.gradle.process.internal.worker.child.SystemApplicationClassLoaderWorker.call                                                  (SystemApplicationClassLoaderWorker.java:65)       &#10;                                                          worker.org.gradle.process.internal.worker.GradleWorkerMain.run                                                   (GradleWorkerMain.java:69)                         &#10;                                                          worker.org.gradle.process.internal.worker.GradleWorkerMain.main                                                  (GradleWorkerMain.java:74)                         &#10;&#10;3)                                                                                    io.mockk.impl.InternalPlatform.captureStackTrace                                     (InternalPlatform.kt:130)                          &#10;                                                                                        io.mockk.impl.stub.MockKStub.handleInvocation                                      (MockKStub.kt:253)                                 &#10;                                                      io.mockk.impl.instantiation.JvmMockFactoryHelper$mockHandler$1.invocation                                            (JvmMockFactoryHelper.kt:24)                       &#10;                                                                               io.mockk.proxy.jvm.advice.Interceptor.call                                                  (Interceptor.kt:21)                                &#10;                                                                                io.mockk.proxy.jvm.advice.BaseAdvice.handle                                                (BaseAdvice.kt:42)                                 &#10;                                                              io.mockk.proxy.jvm.advice.jvm.JvmMockKProxyInterceptor.interceptNoSuper                                      (JvmMockKProxyInterceptor.java:44)                 &#10;                  dev.zaqueu.domaindrivendesignkotlin.core.event.domain.event.repositories.EventRepository$Subclass1.findById                                              (-:-1)                                             &#10;                  dev.zaqueu.domaindrivendesignkotlin.core.event.domain.event.repositories.EventRepository$Subclass1.findById                                              (-:-1)                                             &#10;                              dev.zaqueu.domaindrivendesignkotlin.core.event.application.order.services.OrderService.create$lambda$1                                       (OrderService.kt:43)                               &#10;                            dev.zaqueu.domaindrivendesignkotlin.core.event.application.order.services.OrderServiceKt.runTransaction                                        (OrderService.kt:93)                               &#10;                              dev.zaqueu.domaindrivendesignkotlin.core.event.application.order.services.OrderService.create                                                (OrderService.kt:35)                               &#10;                          dev.zaqueu.domaindrivendesignkotlin.core.event.application.order.services.OrderServiceTest.should create a new order when the event is published (OrderServiceTest.kt:146)                          &#10;                                                                     jdk.internal.reflect.DirectMethodHandleAccessor.invoke                                                (DirectMethodHandleAccessor.java:103)              &#10;                                                                                            java.lang.reflect.Method.invoke                                                (Method.java:580)                                  &#10;                                                                     org.junit.platform.commons.util.ReflectionUtils.invokeMethod                                          (ReflectionUtils.java:728)                         &#10;                                                                 org.junit.jupiter.engine.execution.MethodInvocation.proceed                                               (MethodInvocation.java:60)                         &#10;                                  org.junit.jupiter.engine.execution.InvocationInterceptorChain$ValidatingInvocation.proceed                                               (InvocationInterceptorChain.java:131)              &#10;                                                                 org.junit.jupiter.engine.extension.TimeoutExtension.intercept                                             (TimeoutExtension.java:156)                        &#10;                                                                 org.junit.jupiter.engine.extension.TimeoutExtension.interceptTestableMethod                               (TimeoutExtension.java:147)                        &#10;                                                                 org.junit.jupiter.engine.extension.TimeoutExtension.interceptTestMethod                                   (TimeoutExtension.java:86)                         &#10;                          org.junit.jupiter.engine.execution.InterceptingExecutableInvoker$ReflectiveInterceptorCall.lambda$ofVoidMethod$0                                 (InterceptingExecutableInvoker.java:103)           &#10;                                                    org.junit.jupiter.engine.execution.InterceptingExecutableInvoker.lambda$invoke$0                                       (InterceptingExecutableInvoker.java:93)            &#10;                                 org.junit.jupiter.engine.execution.InvocationInterceptorChain$InterceptedInvocation.proceed                                               (InvocationInterceptorChain.java:106)              &#10;                                                       org.junit.jupiter.engine.execution.InvocationInterceptorChain.proceed                                               (InvocationInterceptorChain.java:64)               &#10;                                                       org.junit.jupiter.engine.execution.InvocationInterceptorChain.chainAndInvoke                                        (InvocationInterceptorChain.java:45)               &#10;                                                       org.junit.jupiter.engine.execution.InvocationInterceptorChain.invoke                                                (InvocationInterceptorChain.java:37)               &#10;                                                    org.junit.jupiter.engine.execution.InterceptingExecutableInvoker.invoke                                                (InterceptingExecutableInvoker.java:92)            &#10;                                                    org.junit.jupiter.engine.execution.InterceptingExecutableInvoker.invoke                                                (InterceptingExecutableInvoker.java:86)            &#10;                                                        org.junit.jupiter.engine.descriptor.TestMethodTestDescriptor.lambda$invokeTestMethod$7                             (TestMethodTestDescriptor.java:218)                &#10;                                                   org.junit.platform.engine.support.hierarchical.ThrowableCollector.execute                                               (ThrowableCollector.java:73)                       &#10;                                                        org.junit.jupiter.engine.descriptor.TestMethodTestDescriptor.invokeTestMethod                                      (TestMethodTestDescriptor.java:214)                &#10;                                                        org.junit.jupiter.engine.descriptor.TestMethodTestDescriptor.execute                                               (TestMethodTestDescriptor.java:139)                &#10;                                                        org.junit.jupiter.engine.descriptor.TestMethodTestDescriptor.execute                                               (TestMethodTestDescriptor.java:69)                 &#10;                                                         org.junit.platform.engine.support.hierarchical.NodeTestTask.lambda$executeRecursively$6                           (NodeTestTask.java:151)                            &#10;                                                   org.junit.platform.engine.support.hierarchical.ThrowableCollector.execute                                               (ThrowableCollector.java:73)                       &#10;                                                         org.junit.platform.engine.support.hierarchical.NodeTestTask.lambda$executeRecursively$8                           (NodeTestTask.java:141)                            &#10;                                                                 org.junit.platform.engine.support.hierarchical.Node.around                                                (Node.java:137)                                    &#10;                                                         org.junit.platform.engine.support.hierarchical.NodeTestTask.lambda$executeRecursively$9                           (NodeTestTask.java:139)                            &#10;                                                   org.junit.platform.engine.support.hierarchical.ThrowableCollector.execute                                               (ThrowableCollector.java:73)                       &#10;                                                         org.junit.platform.engine.support.hierarchical.NodeTestTask.executeRecursively                                    (NodeTestTask.java:138)                            &#10;                                                         org.junit.platform.engine.support.hierarchical.NodeTestTask.execute                                               (NodeTestTask.java:95)                             &#10;                                                                                                 java.util.ArrayList.forEach                                               (ArrayList.java:1596)                              &#10;                            org.junit.platform.engine.support.hierarchical.SameThreadHierarchicalTestExecutorService.invokeAll                                             (SameThreadHierarchicalTestExecutorService.java:41)&#10;                                                         org.junit.platform.engine.support.hierarchical.NodeTestTask.lambda$executeRecursively$6                           (NodeTestTask.java:155)                            &#10;                                                   org.junit.platform.engine.support.hierarchical.ThrowableCollector.execute                                               (ThrowableCollector.java:73)                       &#10;                                                         org.junit.platform.engine.support.hierarchical.NodeTestTask.lambda$executeRecursively$8                           (NodeTestTask.java:141)                            &#10;                                                                 org.junit.platform.engine.support.hierarchical.Node.around                                                (Node.java:137)                                    &#10;                                                         org.junit.platform.engine.support.hierarchical.NodeTestTask.lambda$executeRecursively$9                           (NodeTestTask.java:139)                            &#10;                                                   org.junit.platform.engine.support.hierarchical.ThrowableCollector.execute                                               (ThrowableCollector.java:73)                       &#10;                                                         org.junit.platform.engine.support.hierarchical.NodeTestTask.executeRecursively                                    (NodeTestTask.java:138)                            &#10;                                                         org.junit.platform.engine.support.hierarchical.NodeTestTask.execute                                               (NodeTestTask.java:95)                             &#10;                                                                                                 java.util.ArrayList.forEach                                               (ArrayList.java:1596)                              &#10;                            org.junit.platform.engine.support.hierarchical.SameThreadHierarchicalTestExecutorService.invokeAll                                             (SameThreadHierarchicalTestExecutorService.java:41)&#10;                                                         org.junit.platform.engine.support.hierarchical.NodeTestTask.lambda$executeRecursively$6                           (NodeTestTask.java:155)                            &#10;                                                   org.junit.platform.engine.support.hierarchical.ThrowableCollector.execute                                               (ThrowableCollector.java:73)                       &#10;                                                         org.junit.platform.engine.support.hierarchical.NodeTestTask.lambda$executeRecursively$8                           (NodeTestTask.java:141)                            &#10;                                                                 org.junit.platform.engine.support.hierarchical.Node.around                                                (Node.java:137)                                    &#10;                                                         org.junit.platform.engine.support.hierarchical.NodeTestTask.lambda$executeRecursively$9                           (NodeTestTask.java:139)                            &#10;                                                   org.junit.platform.engine.support.hierarchical.ThrowableCollector.execute                                               (ThrowableCollector.java:73)                       &#10;                                                         org.junit.platform.engine.support.hierarchical.NodeTestTask.executeRecursively                                    (NodeTestTask.java:138)                            &#10;                                                         org.junit.platform.engine.support.hierarchical.NodeTestTask.execute                                               (NodeTestTask.java:95)                             &#10;                            org.junit.platform.engine.support.hierarchical.SameThreadHierarchicalTestExecutorService.submit                                                (SameThreadHierarchicalTestExecutorService.java:35)&#10;                                             org.junit.platform.engine.support.hierarchical.HierarchicalTestExecutor.execute                                               (HierarchicalTestExecutor.java:57)                 &#10;                                               org.junit.platform.engine.support.hierarchical.HierarchicalTestEngine.execute                                               (HierarchicalTestEngine.java:54)                   &#10;                                                        org.junit.platform.launcher.core.EngineExecutionOrchestrator.execute                                               (EngineExecutionOrchestrator.java:198)             &#10;                                                        org.junit.platform.launcher.core.EngineExecutionOrchestrator.execute                                               (EngineExecutionOrchestrator.java:169)             &#10;                                                        org.junit.platform.launcher.core.EngineExecutionOrchestrator.execute                                               (EngineExecutionOrchestrator.java:93)              &#10;                                                        org.junit.platform.launcher.core.EngineExecutionOrchestrator.lambda$execute$0                                      (EngineExecutionOrchestrator.java:58)              &#10;                                                        org.junit.platform.launcher.core.EngineExecutionOrchestrator.withInterceptedStreams                                (EngineExecutionOrchestrator.java:141)             &#10;                                                        org.junit.platform.launcher.core.EngineExecutionOrchestrator.execute                                               (EngineExecutionOrchestrator.java:57)              &#10;                                                                    org.junit.platform.launcher.core.DefaultLauncher.execute                                               (DefaultLauncher.java:103)                         &#10;                                                                    org.junit.platform.launcher.core.DefaultLauncher.execute                                               (DefaultLauncher.java:85)                          &#10;                                                                 org.junit.platform.launcher.core.DelegatingLauncher.execute                                               (DelegatingLauncher.java:47)                       &#10;   org.gradle.api.internal.tasks.testing.junitplatform.JUnitPlatformTestClassProcessor$CollectAllTestClassesExecutor.processAllTestClasses                                 (JUnitPlatformTestClassProcessor.java:119)         &#10;   org.gradle.api.internal.tasks.testing.junitplatform.JUnitPlatformTestClassProcessor$CollectAllTestClassesExecutor.access$000                                            (JUnitPlatformTestClassProcessor.java:94)          &#10;                                 org.gradle.api.internal.tasks.testing.junitplatform.JUnitPlatformTestClassProcessor.stop                                                  (JUnitPlatformTestClassProcessor.java:89)          &#10;                                                       org.gradle.api.internal.tasks.testing.SuiteTestClassProcessor.stop                                                  (SuiteTestClassProcessor.java:62)                  &#10;                                                                     jdk.internal.reflect.DirectMethodHandleAccessor.invoke                                                (DirectMethodHandleAccessor.java:103)              &#10;                                                                                            java.lang.reflect.Method.invoke                                                (Method.java:580)                                  &#10;                                                                     org.gradle.internal.dispatch.ReflectionDispatch.dispatch                                              (ReflectionDispatch.java:36)                       &#10;                                                                     org.gradle.internal.dispatch.ReflectionDispatch.dispatch                                              (ReflectionDispatch.java:24)                       &#10;                                                             org.gradle.internal.dispatch.ContextClassLoaderDispatch.dispatch                                              (ContextClassLoaderDispatch.java:33)               &#10;                                      org.gradle.internal.dispatch.ProxyDispatchAdapter$DispatchingInvocationHandler.invoke                                                (ProxyDispatchAdapter.java:94)                     &#10;                                                                                                  jdk.proxy1.$Proxy2.stop                                                  (-:-1)                                             &#10;                                                           org.gradle.api.internal.tasks.testing.worker.TestWorker$3.run                                                   (TestWorker.java:193)                              &#10;                                                             org.gradle.api.internal.tasks.testing.worker.TestWorker.executeAndMaintainThreadName                          (TestWorker.java:129)                              &#10;                                                             org.gradle.api.internal.tasks.testing.worker.TestWorker.execute                                               (TestWorker.java:100)                              &#10;                                                             org.gradle.api.internal.tasks.testing.worker.TestWorker.execute                                               (TestWorker.java:60)                               &#10;                                                      org.gradle.process.internal.worker.child.ActionExecutionWorker.execute                                               (ActionExecutionWorker.java:56)                    &#10;                                         org.gradle.process.internal.worker.child.SystemApplicationClassLoaderWorker.call                                                  (SystemApplicationClassLoaderWorker.java:113)      &#10;                                         org.gradle.process.internal.worker.child.SystemApplicationClassLoaderWorker.call                                                  (SystemApplicationClassLoaderWorker.java:65)       &#10;                                                          worker.org.gradle.process.internal.worker.GradleWorkerMain.run                                                   (GradleWorkerMain.java:69)                         &#10;                                                          worker.org.gradle.process.internal.worker.GradleWorkerMain.main                                                  (GradleWorkerMain.java:74)                         &#10;&#10;4)                                                                                    io.mockk.impl.InternalPlatform.captureStackTrace                                     (InternalPlatform.kt:130)                          &#10;                                                                                        io.mockk.impl.stub.MockKStub.handleInvocation                                      (MockKStub.kt:253)                                 &#10;                                                      io.mockk.impl.instantiation.JvmMockFactoryHelper$mockHandler$1.invocation                                            (JvmMockFactoryHelper.kt:24)                       &#10;                                                                               io.mockk.proxy.jvm.advice.Interceptor.call                                                  (Interceptor.kt:21)                                &#10;                                                                                io.mockk.proxy.jvm.advice.BaseAdvice.handle                                                (BaseAdvice.kt:42)                                 &#10;                                                              io.mockk.proxy.jvm.advice.jvm.JvmMockKProxyInterceptor.interceptNoSuper                                      (JvmMockKProxyInterceptor.java:44)                 &#10;        dev.zaqueu.domaindrivendesignkotlin.core.event.domain.order.repositories.SpotReservationRepository$Subclass3.add                                                   (-:-1)                                             &#10;        dev.zaqueu.domaindrivendesignkotlin.core.event.domain.order.repositories.SpotReservationRepository$Subclass3.add                                                   (-:-1)                                             &#10;                              dev.zaqueu.domaindrivendesignkotlin.core.event.application.order.services.OrderService.create$lambda$1                                       (OrderService.kt:70)                               &#10;                            dev.zaqueu.domaindrivendesignkotlin.core.event.application.order.services.OrderServiceKt.runTransaction                                        (OrderService.kt:93)                               &#10;                              dev.zaqueu.domaindrivendesignkotlin.core.event.application.order.services.OrderService.create                                                (OrderService.kt:35)                               &#10;                          dev.zaqueu.domaindrivendesignkotlin.core.event.application.order.services.OrderServiceTest.should create a new order when the event is published (OrderServiceTest.kt:146)                          &#10;                                                                     jdk.internal.reflect.DirectMethodHandleAccessor.invoke                                                (DirectMethodHandleAccessor.java:103)              &#10;                                                                                            java.lang.reflect.Method.invoke                                                (Method.java:580)                                  &#10;                                                                     org.junit.platform.commons.util.ReflectionUtils.invokeMethod                                          (ReflectionUtils.java:728)                         &#10;                                                                 org.junit.jupiter.engine.execution.MethodInvocation.proceed                                               (MethodInvocation.java:60)                         &#10;                                  org.junit.jupiter.engine.execution.InvocationInterceptorChain$ValidatingInvocation.proceed                                               (InvocationInterceptorChain.java:131)              &#10;                                                                 org.junit.jupiter.engine.extension.TimeoutExtension.intercept                                             (TimeoutExtension.java:156)                        &#10;                                                                 org.junit.jupiter.engine.extension.TimeoutExtension.interceptTestableMethod                               (TimeoutExtension.java:147)                        &#10;                                                                 org.junit.jupiter.engine.extension.TimeoutExtension.interceptTestMethod                                   (TimeoutExtension.java:86)                         &#10;                          org.junit.jupiter.engine.execution.InterceptingExecutableInvoker$ReflectiveInterceptorCall.lambda$ofVoidMethod$0                                 (InterceptingExecutableInvoker.java:103)           &#10;                                                    org.junit.jupiter.engine.execution.InterceptingExecutableInvoker.lambda$invoke$0                                       (InterceptingExecutableInvoker.java:93)            &#10;                                 org.junit.jupiter.engine.execution.InvocationInterceptorChain$InterceptedInvocation.proceed                                               (InvocationInterceptorChain.java:106)              &#10;                                                       org.junit.jupiter.engine.execution.InvocationInterceptorChain.proceed                                               (InvocationInterceptorChain.java:64)               &#10;                                                       org.junit.jupiter.engine.execution.InvocationInterceptorChain.chainAndInvoke                                        (InvocationInterceptorChain.java:45)               &#10;                                                       org.junit.jupiter.engine.execution.InvocationInterceptorChain.invoke                                                (InvocationInterceptorChain.java:37)               &#10;                                                    org.junit.jupiter.engine.execution.InterceptingExecutableInvoker.invoke                                                (InterceptingExecutableInvoker.java:92)            &#10;                                                    org.junit.jupiter.engine.execution.InterceptingExecutableInvoker.invoke                                                (InterceptingExecutableInvoker.java:86)            &#10;                                                        org.junit.jupiter.engine.descriptor.TestMethodTestDescriptor.lambda$invokeTestMethod$7                             (TestMethodTestDescriptor.java:218)                &#10;                                                   org.junit.platform.engine.support.hierarchical.ThrowableCollector.execute                                               (ThrowableCollector.java:73)                       &#10;                                                        org.junit.jupiter.engine.descriptor.TestMethodTestDescriptor.invokeTestMethod                                      (TestMethodTestDescriptor.java:214)                &#10;                                                        org.junit.jupiter.engine.descriptor.TestMethodTestDescriptor.execute                                               (TestMethodTestDescriptor.java:139)                &#10;                                                        org.junit.jupiter.engine.descriptor.TestMethodTestDescriptor.execute                                               (TestMethodTestDescriptor.java:69)                 &#10;                                                         org.junit.platform.engine.support.hierarchical.NodeTestTask.lambda$executeRecursively$6                           (NodeTestTask.java:151)                            &#10;                                                   org.junit.platform.engine.support.hierarchical.ThrowableCollector.execute                                               (ThrowableCollector.java:73)                       &#10;                                                         org.junit.platform.engine.support.hierarchical.NodeTestTask.lambda$executeRecursively$8                           (NodeTestTask.java:141)                            &#10;                                                                 org.junit.platform.engine.support.hierarchical.Node.around                                                (Node.java:137)                                    &#10;                                                         org.junit.platform.engine.support.hierarchical.NodeTestTask.lambda$executeRecursively$9                           (NodeTestTask.java:139)                            &#10;                                                   org.junit.platform.engine.support.hierarchical.ThrowableCollector.execute                                               (ThrowableCollector.java:73)                       &#10;                                                         org.junit.platform.engine.support.hierarchical.NodeTestTask.executeRecursively                                    (NodeTestTask.java:138)                            &#10;                                                         org.junit.platform.engine.support.hierarchical.NodeTestTask.execute                                               (NodeTestTask.java:95)                             &#10;                                                                                                 java.util.ArrayList.forEach                                               (ArrayList.java:1596)                              &#10;                            org.junit.platform.engine.support.hierarchical.SameThreadHierarchicalTestExecutorService.invokeAll                                             (SameThreadHierarchicalTestExecutorService.java:41)&#10;                                                         org.junit.platform.engine.support.hierarchical.NodeTestTask.lambda$executeRecursively$6                           (NodeTestTask.java:155)                            &#10;                                                   org.junit.platform.engine.support.hierarchical.ThrowableCollector.execute                                               (ThrowableCollector.java:73)                       &#10;                                                         org.junit.platform.engine.support.hierarchical.NodeTestTask.lambda$executeRecursively$8                           (NodeTestTask.java:141)                            &#10;                                                                 org.junit.platform.engine.support.hierarchical.Node.around                                                (Node.java:137)                                    &#10;                                                         org.junit.platform.engine.support.hierarchical.NodeTestTask.lambda$executeRecursively$9                           (NodeTestTask.java:139)                            &#10;                                                   org.junit.platform.engine.support.hierarchical.ThrowableCollector.execute                                               (ThrowableCollector.java:73)                       &#10;                                                         org.junit.platform.engine.support.hierarchical.NodeTestTask.executeRecursively                                    (NodeTestTask.java:138)                            &#10;                                                         org.junit.platform.engine.support.hierarchical.NodeTestTask.execute                                               (NodeTestTask.java:95)                             &#10;                                                                                                 java.util.ArrayList.forEach                                               (ArrayList.java:1596)                              &#10;                            org.junit.platform.engine.support.hierarchical.SameThreadHierarchicalTestExecutorService.invokeAll                                             (SameThreadHierarchicalTestExecutorService.java:41)&#10;                                                         org.junit.platform.engine.support.hierarchical.NodeTestTask.lambda$executeRecursively$6                           (NodeTestTask.java:155)                            &#10;                                                   org.junit.platform.engine.support.hierarchical.ThrowableCollector.execute                                               (ThrowableCollector.java:73)                       &#10;                                                         org.junit.platform.engine.support.hierarchical.NodeTestTask.lambda$executeRecursively$8                           (NodeTestTask.java:141)                            &#10;                                                                 org.junit.platform.engine.support.hierarchical.Node.around                                                (Node.java:137)                                    &#10;                                                         org.junit.platform.engine.support.hierarchical.NodeTestTask.lambda$executeRecursively$9                           (NodeTestTask.java:139)                            &#10;                                                   org.junit.platform.engine.support.hierarchical.ThrowableCollector.execute                                               (ThrowableCollector.java:73)                       &#10;                                                         org.junit.platform.engine.support.hierarchical.NodeTestTask.executeRecursively                                    (NodeTestTask.java:138)                            &#10;                                                         org.junit.platform.engine.support.hierarchical.NodeTestTask.execute                                               (NodeTestTask.java:95)                             &#10;                            org.junit.platform.engine.support.hierarchical.SameThreadHierarchicalTestExecutorService.submit                                                (SameThreadHierarchicalTestExecutorService.java:35)&#10;                                             org.junit.platform.engine.support.hierarchical.HierarchicalTestExecutor.execute                                               (HierarchicalTestExecutor.java:57)                 &#10;                                               org.junit.platform.engine.support.hierarchical.HierarchicalTestEngine.execute                                               (HierarchicalTestEngine.java:54)                   &#10;                                                        org.junit.platform.launcher.core.EngineExecutionOrchestrator.execute                                               (EngineExecutionOrchestrator.java:198)  
[...]
                          dev.zaqueu.domaindrivendesignkotlin.core.event.application.order.services.OrderServiceTest.should create a new order when the event is published (OrderServiceTest.kt:146)                          
                                                                     jdk.internal.reflect.DirectMethodHandleAccessor.invoke                                                (DirectMethodHandleAccessor.java:103)              
                                                                                            java.lang.reflect.Method.invoke                                                (Method.java:580)                                  
                                                                     org.junit.platform.commons.util.ReflectionUtils.invokeMethod                                          (ReflectionUtils.java:728)                         
                                                                 org.junit.jupiter.engine.execution.MethodInvocation.proceed                                               (MethodInvocation.java:60)                         
                                  org.junit.jupiter.engine.execution.InvocationInterceptorChain$ValidatingInvocation.proceed                                               (InvocationInterceptorChain.java:131)              
                                                                 org.junit.jupiter.engine.extension.TimeoutExtension.intercept                                             (TimeoutExtension.java:156)                        
                                                                 org.junit.jupiter.engine.extension.TimeoutExtension.interceptTestableMethod                               (TimeoutExtension.java:147)                        
                                                                 org.junit.jupiter.engine.extension.TimeoutExtension.interceptTestMethod                                   (TimeoutExtension.java:86)                         
                          org.junit.jupiter.engine.execution.InterceptingExecutableInvoker$ReflectiveInterceptorCall.lambda$ofVoidMethod$0                                 (InterceptingExecutableInvoker.java:103)           
                                                    org.junit.jupiter.engine.execution.InterceptingExecutableInvoker.lambda$invoke$0                                       (InterceptingExecutableInvoker.java:93)            
                                 org.junit.jupiter.engine.execution.InvocationInterceptorChain$InterceptedInvocation.proceed                                               (InvocationInterceptorChain.java:106)              
                                                       org.junit.jupiter.engine.execution.InvocationInterceptorChain.proceed                                               (InvocationInterceptorChain.java:64)               
                                                       org.junit.jupiter.engine.execution.InvocationInterceptorChain.chainAndInvoke                                        (InvocationInterceptorChain.java:45)               
                                                       org.junit.jupiter.engine.execution.InvocationInterceptorChain.invoke                                                (InvocationInterceptorChain.java:37)               
                                                    org.junit.jupiter.engine.execution.InterceptingExecutableInvoker.invoke                                                (InterceptingExecutableInvoker.java:92)            
                                                    org.junit.jupiter.engine.execution.InterceptingExecutableInvoker.invoke                                                (InterceptingExecutableInvoker.java:86)            
                                                        org.junit.jupiter.engine.descriptor.TestMethodTestDescriptor.lambda$invokeTestMethod$7                             (TestMethodTestDescriptor.java:218)                
                                                   org.junit.platform.engine.support.hierarchical.ThrowableCollector.execute                                               (ThrowableCollector.java:73)                       
                                                        org.junit.jupiter.engine.descriptor.TestMethodTestDescriptor.invokeTestMethod                                      (TestMethodTestDescriptor.java:214)                
                                                        org.junit.jupiter.engine.descriptor.TestMethodTestDescriptor.execute                                               (TestMethodTestDescriptor.java:139)                
                                                        org.junit.jupiter.engine.descriptor.TestMethodTestDescriptor.execute                                               (TestMethodTestDescriptor.java:69)                 
                                                         org.junit.platform.engine.support.hierarchical.NodeTestTask.lambda$executeRecursively$6                           (NodeTestTask.java:151)                            
                                                   org.junit.platform.engine.support.hierarchical.ThrowableCollector.execute                                               (ThrowableCollector.java:73)                       
                                                         org.junit.platform.engine.support.hierarchical.NodeTestTask.lambda$executeRecursively$8                           (NodeTestTask.java:141)                            
                                                                 org.junit.platform.engine.support.hierarchical.Node.around                                                (Node.java:137)                                    
                                                         org.junit.platform.engine.support.hierarchical.NodeTestTask.lambda$executeRecursively$9                           (NodeTestTask.java:139)                            
                                                   org.junit.platform.engine.support.hierarchical.ThrowableCollector.execute                                               (ThrowableCollector.java:73)                       
                                                         org.junit.platform.engine.support.hierarchical.NodeTestTask.executeRecursively                                    (NodeTestTask.java:138)                            
                                                         org.junit.platform.engine.support.hierarchical.NodeTestTask.execute                                               (NodeTestTask.java:95)                             
                                                                                                 java.util.ArrayList.forEach                                               (ArrayList.java:1596)                              
                            org.junit.platform.engine.support.hierarchical.SameThreadHierarchicalTestExecutorService.invokeAll                                             (SameThreadHierarchicalTestExecutorService.java:41)
                                                         org.junit.platform.engine.support.hierarchical.NodeTestTask.lambda$executeRecursively$6                           (NodeTestTask.java:155)                            
                                                   org.junit.platform.engine.support.hierarchical.ThrowableCollector.execute                                               (ThrowableCollector.java:73)                       
                                                         org.junit.platform.engine.support.hierarchical.NodeTestTask.lambda$executeRecursively$8                           (NodeTestTask.java:141)                            
                                                                 org.junit.platform.engine.support.hierarchical.Node.around                                                (Node.java:137)                                    
                                                         org.junit.platform.engine.support.hierarchical.NodeTestTask.lambda$executeRecursively$9                           (NodeTestTask.java:139)                            
                                                   org.junit.platform.engine.support.hierarchical.ThrowableCollector.execute                                               (ThrowableCollector.java:73)                       
                                                         org.junit.platform.engine.support.hierarchical.NodeTestTask.executeRecursively                                    (NodeTestTask.java:138)                            
                                                         org.junit.platform.engine.support.hierarchical.NodeTestTask.execute                                               (NodeTestTask.java:95)                             
                                                                                                 java.util.ArrayList.forEach                                               (ArrayList.java:1596)                              
                            org.junit.platform.engine.support.hierarchical.SameThreadHierarchicalTestExecutorService.invokeAll                                             (SameThreadHierarchicalTestExecutorService.java:41)
                                                         org.junit.platform.engine.support.hierarchical.NodeTestTask.lambda$executeRecursively$6                           (NodeTestTask.java:155)                            
                                                   org.junit.platform.engine.support.hierarchical.ThrowableCollector.execute                                               (ThrowableCollector.java:73)                       
                                                         org.junit.platform.engine.support.hierarchical.NodeTestTask.lambda$executeRecursively$8                           (NodeTestTask.java:141)                            
                                                                 org.junit.platform.engine.support.hierarchical.Node.around                                                (Node.java:137)                                    
                                                         org.junit.platform.engine.support.hierarchical.NodeTestTask.lambda$executeRecursively$9                           (NodeTestTask.java:139)                            
                                                   org.junit.platform.engine.support.hierarchical.ThrowableCollector.execute                                               (ThrowableCollector.java:73)                       
                                                         org.junit.platform.engine.support.hierarchical.NodeTestTask.executeRecursively                                    (NodeTestTask.java:138)                            
                                                         org.junit.platform.engine.support.hierarchical.NodeTestTask.execute                                               (NodeTestTask.java:95)                             
                            org.junit.platform.engine.support.hierarchical.SameThreadHierarchicalTestExecutorService.submit                                                (SameThreadHierarchicalTestExecutorService.java:35)
                                             org.junit.platform.engine.support.hierarchical.HierarchicalTestExecutor.execute                                               (HierarchicalTestExecutor.java:57)                 
                                               org.junit.platform.engine.support.hierarchical.HierarchicalTestEngine.execute                                               (HierarchicalTestEngine.java:54)                   
                                                        org.junit.platform.launcher.core.EngineExecutionOrchestrator.execute                                               (EngineExecutionOrchestrator.java:198)             
                                                        org.junit.platform.launcher.core.EngineExecutionOrchestrator.execute                                               (EngineExecutionOrchestrator.java:169)             
                                                        org.junit.platform.launcher.core.EngineExecutionOrchestrator.execute                                               (EngineExecutionOrchestrator.java:93)              
                                                        org.junit.platform.launcher.core.EngineExecutionOrchestrator.lambda$execute$0                                      (EngineExecutionOrchestrator.java:58)              
                                                        org.junit.platform.launcher.core.EngineExecutionOrchestrator.withInterceptedStreams                                (EngineExecutionOrchestrator.java:141)             
                                                        org.junit.platform.launcher.core.EngineExecutionOrchestrator.execute                                               (EngineExecutionOrchestrator.java:57)              
                                                                    org.junit.platform.launcher.core.DefaultLauncher.execute                                               (DefaultLauncher.java:103)                         
                                                                    org.junit.platform.launcher.core.DefaultLauncher.execute                                               (DefaultLauncher.java:85)                          
                                                                 org.junit.platform.launcher.core.DelegatingLauncher.execute                                               (DelegatingLauncher.java:47)                       
   org.gradle.api.internal.tasks.testing.junitplatform.JUnitPlatformTestClassProcessor$CollectAllTestClassesExecutor.processAllTestClasses                                 (JUnitPlatformTestClassProcessor.java:119)         
   org.gradle.api.internal.tasks.testing.junitplatform.JUnitPlatformTestClassProcessor$CollectAllTestClassesExecutor.access$000                                            (JUnitPlatformTestClassProcessor.java:94)          
                                 org.gradle.api.internal.tasks.testing.junitplatform.JUnitPlatformTestClassProcessor.stop                                                  (JUnitPlatformTestClassProcessor.java:89)          
                                                       org.gradle.api.internal.tasks.testing.SuiteTestClassProcessor.stop                                                  (SuiteTestClassProcessor.java:62)                  
                                                                     jdk.internal.reflect.DirectMethodHandleAccessor.invoke                                                (DirectMethodHandleAccessor.java:103)              
                                                                                            java.lang.reflect.Method.invoke                                                (Method.java:580)                                  
                                                                     org.gradle.internal.dispatch.ReflectionDispatch.dispatch                                              (ReflectionDispatch.java:36)                       
                                                                     org.gradle.internal.dispatch.ReflectionDispatch.dispatch                                              (ReflectionDispatch.java:24)                       
                                                             org.gradle.internal.dispatch.ContextClassLoaderDispatch.dispatch                                              (ContextClassLoaderDispatch.java:33)               
                                      org.gradle.internal.dispatch.ProxyDispatchAdapter$DispatchingInvocationHandler.invoke                                                (ProxyDispatchAdapter.java:94)                     
                                                                                                  jdk.proxy1.$Proxy2.stop                                                  (-:-1)                                             
                                                           org.gradle.api.internal.tasks.testing.worker.TestWorker$3.run                                                   (TestWorker.java:193)                              
                                                             org.gradle.api.internal.tasks.testing.worker.TestWorker.executeAndMaintainThreadName                          (TestWorker.java:129)                              
                                                             org.gradle.api.internal.tasks.testing.worker.TestWorker.execute                                               (TestWorker.java:100)                              
                                                             org.gradle.api.internal.tasks.testing.worker.TestWorker.execute                                               (TestWorker.java:60)                               
                                                      org.gradle.process.internal.worker.child.ActionExecutionWorker.execute                                               (ActionExecutionWorker.java:56)                    
                                         org.gradle.process.internal.worker.child.SystemApplicationClassLoaderWorker.call                                                  (SystemApplicationClassLoaderWorker.java:113)      
                                         org.gradle.process.internal.worker.child.SystemApplicationClassLoaderWorker.call                                                  (SystemApplicationClassLoaderWorker.java:65)       
                                                          worker.org.gradle.process.internal.worker.GradleWorkerMain.run                                                   (GradleWorkerMain.java:69)                         
                                                          worker.org.gradle.process.internal.worker.GradleWorkerMain.main                                                  (GradleWorkerMain.java:74)                         
	at io.mockk.impl.recording.states.VerifyingState.failIfNotPassed(VerifyingState.kt:63)
	at io.mockk.impl.recording.states.VerifyingState.recordingDone(VerifyingState.kt:42)
	at io.mockk.impl.recording.CommonCallRecorder.done(CommonCallRecorder.kt:47)
	at io.mockk.impl.eval.RecordedBlockEvaluator.record(RecordedBlockEvaluator.kt:63)
	at io.mockk.impl.eval.VerifyBlockEvaluator.verify(VerifyBlockEvaluator.kt:30)
	at io.mockk.MockKDsl.internalVerify(API.kt:120)
	at io.mockk.MockKDsl.internalVerify$default(API.kt:105)
	at io.mockk.MockKDsl.internalVerifySequence(API.kt:204)
	at io.mockk.MockKKt.verifySequence(MockK.kt:308)
	at io.mockk.MockKKt.verifySequence$default(MockK.kt:304)
	at dev.zaqueu.domaindrivendesignkotlin.core.event.application.order.services.OrderServiceTest.should create a new order when the event is published(OrderServiceTest.kt:154)
	at java.base/java.lang.reflect.Method.invoke(Method.java:580)
	at java.base/java.util.ArrayList.forEach(ArrayList.java:1596)
	at java.base/java.util.ArrayList.forEach(ArrayList.java:1596)
</failure>
  </testcase>
  <system-out><![CDATA[Saved entities: []
]]></system-out>
  <system-err><![CDATA[WARNING: A Java agent has been loaded dynamically (/Users/zaqueusantos/.gradle/caches/modules-2/files-2.1/net.bytebuddy/byte-buddy-agent/1.14.16/4a451ee6484abac3a498df0f3b33ed00a6fced4d/byte-buddy-agent-1.14.16.jar)
WARNING: If a serviceability tool is in use, please run with -XX:+EnableDynamicAgentLoading to hide this warning
WARNING: If a serviceability tool is not in use, please run with -Djdk.instrument.traceUsage for more information
WARNING: Dynamic loading of agents will be disallowed by default in a future release
]]></system-err>
</testsuite>
